<?xml version="1.0" encoding="UTF-8"?>
<testng-results skipped="0" failed="0" total="5" passed="5">
  <reporter-output>
  </reporter-output>
  <suite name="example suite 1" duration-ms="22" started-at="2018-06-26T03:58:30Z" finished-at="2018-06-26T03:58:30Z">
    <groups>
    </groups>
    <test name="Regression suite 1" duration-ms="22" started-at="2018-06-26T03:58:30Z" finished-at="2018-06-26T03:58:30Z">
      <class name="Java.TestNG">
        <test-method status="PASS" signature="TestCase1()[pri:0, instance:Java.TestNG@1b701da1]" name="TestCase1" duration-ms="10" started-at="2018-06-26T09:28:30Z" finished-at="2018-06-26T09:28:30Z">
          <reporter-output>
          </reporter-output>
        </test-method> <!-- TestCase1 -->
        <test-method status="PASS" signature="TestCase2()[pri:0, instance:Java.TestNG@1b701da1]" name="TestCase2" duration-ms="0" started-at="2018-06-26T09:28:30Z" finished-at="2018-06-26T09:28:30Z">
          <reporter-output>
          </reporter-output>
        </test-method> <!-- TestCase2 -->
        <test-method status="PASS" signature="TestCase4()[pri:0, instance:Java.TestNG@1b701da1]" name="TestCase4" duration-ms="0" started-at="2018-06-26T09:28:30Z" finished-at="2018-06-26T09:28:30Z">
          <reporter-output>
          </reporter-output>
        </test-method> <!-- TestCase4 -->
        <test-method status="PASS" signature="TestCase3()[pri:0, instance:Java.TestNG@1b701da1]" name="TestCase3" duration-ms="0" started-at="2018-06-26T09:28:30Z" finished-at="2018-06-26T09:28:30Z">
          <reporter-output>
          </reporter-output>
        </test-method> <!-- TestCase3 -->
        <test-method status="PASS" signature="TestCase5()[pri:0, instance:Java.TestNG@1b701da1]" name="TestCase5" duration-ms="0" started-at="2018-06-26T09:28:30Z" finished-at="2018-06-26T09:28:30Z">
          <reporter-output>
          </reporter-output>
        </test-method> <!-- TestCase5 -->
      </class> <!-- Java.TestNG -->
    </test> <!-- Regression suite 1 -->
  </suite> <!-- example suite 1 -->
</testng-results>
